VRHolocaustOculus Integration1.38/Temp/gradleOut/launcher/build/outputs/logs/manifest-merger-release-report.txt
-- Merging decision tree log ---
manifest
ADDED from src/main/AndroidManifest.xml:3:1-6:12
INJECTED from src/main/AndroidManifest.xml:3:1-6:12
INJECTED from src/main/AndroidManifest.xml:3:1-6:12
INJECTED from src/main/AndroidManifest.xml:3:1-6:12
MERGED from [:unityLibrary] AndroidManifest.xml:3:1-79:12
MERGED from [:OVRPlugin:] AndroidManifest.xml:2:1-9:12
INJECTED from src/main/AndroidManifest.xml:3:1-6:12
INJECTED from src/main/AndroidManifest.xml:3:1-6:12
INJECTED from src/main/AndroidManifest.xml:3:1-6:12
	package
		ADDED from src/main/AndroidManifest.xml:3:70-123
		INJECTED from src/main/AndroidManifest.xml
		INJECTED from src/main/AndroidManifest.xml
	android:versionName
		INJECTED from src/main/AndroidManifest.xml
		ADDED from src/main/AndroidManifest.xml:3:1-6:12
		INJECTED from src/main/AndroidManifest.xml
	xmlns:tools
		ADDED from src/main/AndroidManifest.xml:3:124-170
	android:versionCode
		INJECTED from src/main/AndroidManifest.xml
		ADDED from src/main/AndroidManifest.xml:3:1-6:12
		INJECTED from src/main/AndroidManifest.xml
	xmlns:android
		ADDED from src/main/AndroidManifest.xml:3:11-69
	android:installLocation
		ADDED from src/main/AndroidManifest.xml:3:171-201
supports-screens
ADDED from src/main/AndroidManifest.xml:4:3-163
	android:largeScreens
		ADDED from src/main/AndroidManifest.xml:4:78-105
	android:smallScreens
		ADDED from src/main/AndroidManifest.xml:4:21-48
	android:normalScreens
		ADDED from src/main/AndroidManifest.xml:4:49-77
	android:xlargeScreens
		ADDED from src/main/AndroidManifest.xml:4:106-134
	android:anyDensity
		ADDED from src/main/AndroidManifest.xml:4:135-160
application
ADDED from src/main/AndroidManifest.xml:5:3-83
MERGED from [:unityLibrary] AndroidManifest.xml:40:5-77:19
MERGED from [:unityLibrary] AndroidManifest.xml:40:5-77:19
MERGED from [:OVRPlugin:] AndroidManifest.xml:4:3-6:17
MERGED from [:OVRPlugin:] AndroidManifest.xml:4:3-6:17
	android:label
		ADDED from src/main/AndroidManifest.xml:5:16-48
	android:icon
		ADDED from src/main/AndroidManifest.xml:5:49-80
uses-sdk
INJECTED from src/main/AndroidManifest.xml reason: use-sdk injection requested
INJECTED from src/main/AndroidManifest.xml
INJECTED from src/main/AndroidManifest.xml
MERGED from [:unityLibrary] AndroidManifest.xml:10:5-12:41
MERGED from [:unityLibrary] AndroidManifest.xml:10:5-12:41
MERGED from [:OVRPlugin:] AndroidManifest.xml:3:3-45
MERGED from [:OVRPlugin:] AndroidManifest.xml:3:3-45
INJECTED from src/main/AndroidManifest.xml
INJECTED from src/main/AndroidManifest.xml
	android:targetSdkVersion
		INJECTED from src/main/AndroidManifest.xml
		ADDED from src/main/AndroidManifest.xml
		INJECTED from src/main/AndroidManifest.xml
	android:minSdkVersion
		INJECTED from src/main/AndroidManifest.xml
		ADDED from src/main/AndroidManifest.xml
		MERGED from src/main/AndroidManifest.xml
		INJECTED from src/main/AndroidManifest.xml
uses-feature#0x00030000
ADDED from [:unityLibrary] AndroidManifest.xml:14:5-54
	android:glEsVersion
		ADDED from [:unityLibrary] AndroidManifest.xml:14:19-51
supports-gl-texture#GL_KHR_texture_compression_astc_ldr
ADDED from [:unityLibrary] AndroidManifest.xml:16:5-79
	android:name
		ADDED from [:unityLibrary] AndroidManifest.xml:16:26-76
uses-permission#android.permission.INTERNET
ADDED from [:unityLibrary] AndroidManifest.xml:18:5-67
MERGED from [:OVRPlugin:] AndroidManifest.xml:7:3-65
MERGED from [:OVRPlugin:] AndroidManifest.xml:7:3-65
	android:name
		ADDED from [:unityLibrary] AndroidManifest.xml:18:22-64
uses-permission#android.permission.RECORD_AUDIO
ADDED from [:unityLibrary] AndroidManifest.xml:19:5-71
	android:name
		ADDED from [:unityLibrary] AndroidManifest.xml:19:22-68
uses-permission#android.permission.MODIFY_AUDIO_SETTINGS
ADDED from [:unityLibrary] AndroidManifest.xml:20:5-80
	android:name
		ADDED from [:unityLibrary] AndroidManifest.xml:20:22-77
uses-permission#android.permission.BLUETOOTH
ADDED from [:unityLibrary] AndroidManifest.xml:21:5-68
	android:name
		ADDED from [:unityLibrary] AndroidManifest.xml:21:22-65
uses-feature#android.hardware.microphone
ADDED from [:unityLibrary] AndroidManifest.xml:23:5-25:36
	android:required
		ADDED from [:unityLibrary] AndroidManifest.xml:25:9-33
	android:name
		ADDED from [:unityLibrary] AndroidManifest.xml:24:9-51
uses-feature#android.hardware.touchscreen
ADDED from [:unityLibrary] AndroidManifest.xml:26:5-28:36
	android:required
		ADDED from [:unityLibrary] AndroidManifest.xml:28:9-33
	android:name
		ADDED from [:unityLibrary] AndroidManifest.xml:27:9-52
uses-feature#android.hardware.touchscreen.multitouch
ADDED from [:unityLibrary] AndroidManifest.xml:29:5-31:36
	android:required
		ADDED from [:unityLibrary] AndroidManifest.xml:31:9-33
	android:name
		ADDED from [:unityLibrary] AndroidManifest.xml:30:9-63
uses-feature#android.hardware.touchscreen.multitouch.distinct
ADDED from [:unityLibrary] AndroidManifest.xml:32:5-34:36
	android:required
		ADDED from [:unityLibrary] AndroidManifest.xml:34:9-33
	android:name
		ADDED from [:unityLibrary] AndroidManifest.xml:33:9-72
uses-feature#android.hardware.vr.headtracking
ADDED from [:unityLibrary] AndroidManifest.xml:35:5-38:31
	android:version
		ADDED from [:unityLibrary] AndroidManifest.xml:38:9-28
	android:required
		ADDED from [:unityLibrary] AndroidManifest.xml:37:9-32
	android:name
		ADDED from [:unityLibrary] AndroidManifest.xml:36:9-56
activity#com.unity3d.player.UnityPlayerActivity
ADDED from [:unityLibrary] AndroidManifest.xml:41:9-60:20
	android:screenOrientation
		ADDED from [:unityLibrary] AndroidManifest.xml:46:13-50
	android:launchMode
		ADDED from [:unityLibrary] AndroidManifest.xml:45:13-44
	android:hardwareAccelerated
		ADDED from [:unityLibrary] AndroidManifest.xml:44:13-48
	android:configChanges
		ADDED from [:unityLibrary] AndroidManifest.xml:43:13-114
	android:theme
		ADDED from [:unityLibrary] AndroidManifest.xml:47:13-77
	android:name
		ADDED from [:unityLibrary] AndroidManifest.xml:42:13-66
intent-filter#action:name:android.intent.action.MAIN+category:name:android.intent.category.LAUNCHER
ADDED from [:unityLibrary] AndroidManifest.xml:48:13-52:29
action#android.intent.action.MAIN
ADDED from [:unityLibrary] AndroidManifest.xml:49:17-69
	android:name
		ADDED from [:unityLibrary] AndroidManifest.xml:49:25-66
category#android.intent.category.LAUNCHER
ADDED from [:unityLibrary] AndroidManifest.xml:51:17-77
	android:name
		ADDED from [:unityLibrary] AndroidManifest.xml:51:27-74
meta-data#unityplayer.UnityActivity
ADDED from [:unityLibrary] AndroidManifest.xml:54:13-56:40
	android:value
		ADDED from [:unityLibrary] AndroidManifest.xml:56:17-37
	android:name
		ADDED from [:unityLibrary] AndroidManifest.xml:55:17-57
meta-data#android.notch_support
ADDED from [:unityLibrary] AndroidManifest.xml:57:13-59:40
	android:value
		ADDED from [:unityLibrary] AndroidManifest.xml:59:17-37
	android:name
		ADDED from [:unityLibrary] AndroidManifest.xml:58:17-53
meta-data#unity.splash-mode
ADDED from [:unityLibrary] AndroidManifest.xml:62:9-64:33
	android:value
		ADDED from [:unityLibrary] AndroidManifest.xml:64:13-30
	android:name
		ADDED from [:unityLibrary] AndroidManifest.xml:63:13-45
meta-data#unity.splash-enable
ADDED from [:unityLibrary] AndroidManifest.xml:65:9-67:37
	android:value
		ADDED from [:unityLibrary] AndroidManifest.xml:67:13-34
	android:name
		ADDED from [:unityLibrary] AndroidManifest.xml:66:13-47
meta-data#notch.config
ADDED from [:unityLibrary] AndroidManifest.xml:68:9-70:50
	android:value
		ADDED from [:unityLibrary] AndroidManifest.xml:70:13-47
	android:name
		ADDED from [:unityLibrary] AndroidManifest.xml:69:13-40
meta-data#unity.build-id
ADDED from [:unityLibrary] AndroidManifest.xml:71:9-73:68
	android:value
		ADDED from [:unityLibrary] AndroidManifest.xml:73:13-65
	android:name
		ADDED from [:unityLibrary] AndroidManifest.xml:72:13-42
meta-data#com.samsung.android.vr.application.mode
ADDED from [:unityLibrary] AndroidManifest.xml:74:9-76:39
MERGED from [:OVRPlugin:] AndroidManifest.xml:5:5-96
MERGED from [:OVRPlugin:] AndroidManifest.xml:5:5-96
	android:value
		ADDED from [:unityLibrary] AndroidManifest.xml:76:13-36
	android:name
		ADDED from [:unityLibrary] AndroidManifest.xml:75:13-67
uses-permission#android.permission.WAKE_LOCK
ADDED from [:OVRPlugin:] AndroidManifest.xml:8:3-66
	android:name
		ADDED from [:OVRPlugin:] AndroidManifest.xml:8:20-63